#
# There is insufficient memory for the Java Runtime Environment to continue.
# Native memory allocation (malloc) failed to allocate 44416 bytes for Chunk::new
# Possible reasons:
#   The system is out of physical RAM or swap space
#   The process is running with CompressedOops enabled, and the Java Heap may be blocking the growth of the native heap
# Possible solutions:
#   Reduce memory load on the system
#   Increase physical memory or swap space
#   Check if swap backing store is full
#   Decrease Java heap size (-Xmx/-Xms)
#   Decrease number of Java threads
#   Decrease Java thread stack sizes (-Xss)
#   Set larger code cache with -XX:ReservedCodeCacheSize=
#   JVM is running with Unscaled Compressed Oops mode in which the Java heap is
#     placed in the first 4GB address space. The Java Heap base address is the
#     maximum limit for the native heap growth. Please use -XX:HeapBaseMinAddress
#     to set the Java Heap base and to place the Java Heap above 4GB virtual address.
# This output file may be truncated or incomplete.
#
#  Out of Memory Error (./open/src/hotspot/share/memory/arena.cpp:195), pid=11164, tid=4632
#
# JRE version: Java(TM) SE Runtime Environment (15.0.2+7) (build 15.0.2+7-27)
# Java VM: Java HotSpot(TM) 64-Bit Server VM (15.0.2+7-27, mixed mode, sharing, tiered, compressed oops, g1 gc, windows-amd64)
# No core dump will be written. Minidumps are not enabled by default on client versions of Windows
#

---------------  S U M M A R Y ------------

Command Line: -Dapplication.home=C:\Program Files\Java\jdk-15.0.2 --add-modules=ALL-DEFAULT -Xms8m -Djdk.module.main=jdk.compiler jdk.compiler/com.sun.tools.javac.Main -d C:\Users\84866\Documents\NetBeansProjects\BaiTapLonJavaNhom4\build\classes -classpath C:\Users\84866\Documents\NetBeansProjects\BaiTapLonJavaNhom4\build\classes -sourcepath C:\Users\84866\Documents\NetBeansProjects\BaiTapLonJavaNhom4\src -target 15 -encoding UTF-8 -g -processorpath C:\Users\84866\Documents\NetBeansProjects\BaiTapLonJavaNhom4\build\empty -s C:\Users\84866\Documents\NetBeansProjects\BaiTapLonJavaNhom4\build\generated-sources\ap-source-output -source 15 C:\Users\84866\Documents\NetBeansProjects\BaiTapLonJavaNhom4\src\Circle.java

Host: Intel(R) Core(TM) i5-9300H CPU @ 2.40GHz, 8 cores, 7G,  Windows 10 , 64 bit Build 19041 (10.0.19041.928)
Time: Fri May 21 10:26:53 2021 SE Asia Standard Time elapsed time: 0.123253 seconds (0d 0h 0m 0s)

---------------  T H R E A D  ---------------

Current thread (0x00000293796c6b40):  JavaThread "C2 CompilerThread1" daemon [_thread_in_native, id=4632, stack(0x0000009cdd400000,0x0000009cdd500000)]


Current CompileTask:
C2:    123  439       4       java.lang.StringUTF16::compress (50 bytes)

Stack: [0x0000009cdd400000,0x0000009cdd500000]
Native frames: (J=compiled Java code, j=interpreted, Vv=VM code, C=native code)
V  [jvm.dll+0x62ae9a]
V  [jvm.dll+0x7817a9]
V  [jvm.dll+0x782f03]
V  [jvm.dll+0x783563]
V  [jvm.dll+0x216325]
V  [jvm.dll+0x97f3a]
V  [jvm.dll+0x9861c]
V  [jvm.dll+0x279f9f]
V  [jvm.dll+0x540794]
V  [jvm.dll+0x1f2cd4]
V  [jvm.dll+0x1ec588]
V  [jvm.dll+0x1e9867]
V  [jvm.dll+0x178567]
V  [jvm.dll+0x1f9225]
V  [jvm.dll+0x1f72cc]
V  [jvm.dll+0x74495d]
V  [jvm.dll+0x73d75a]
V  [jvm.dll+0x629c56]
C  [ucrtbase.dll+0x21bb2]
C  [KERNEL32.DLL+0x17034]
C  [ntdll.dll+0x52651]


---------------  P R O C E S S  ---------------

Threads class SMR info:
_java_thread_list=0x00000293796ac910, length=12, elements={
0x0000029359ea1f10, 0x0000029379074080, 0x0000029379074b60, 0x000002937908ef80,
0x0000029379091d50, 0x0000029379092710, 0x00000293790944c0, 0x0000029379094f70,
0x000002937909d980, 0x000002937905cc00, 0x00000293796c6b40, 0x000002937975d250
}

Java Threads: ( => current thread )
  0x0000029359ea1f10 JavaThread "main" [_thread_in_vm, id=15252, stack(0x0000009cdc400000,0x0000009cdc500000)]
  0x0000029379074080 JavaThread "Reference Handler" daemon [_thread_blocked, id=9452, stack(0x0000009cdcb00000,0x0000009cdcc00000)]
  0x0000029379074b60 JavaThread "Finalizer" daemon [_thread_blocked, id=11932, stack(0x0000009cdcc00000,0x0000009cdcd00000)]
  0x000002937908ef80 JavaThread "Signal Dispatcher" daemon [_thread_blocked, id=20232, stack(0x0000009cdcd00000,0x0000009cdce00000)]
  0x0000029379091d50 JavaThread "Attach Listener" daemon [_thread_blocked, id=8676, stack(0x0000009cdce00000,0x0000009cdcf00000)]
  0x0000029379092710 JavaThread "Service Thread" daemon [_thread_blocked, id=18632, stack(0x0000009cdcf00000,0x0000009cdd000000)]
  0x00000293790944c0 JavaThread "C2 CompilerThread0" daemon [_thread_blocked, id=1328, stack(0x0000009cdd000000,0x0000009cdd100000)]
  0x0000029379094f70 JavaThread "C1 CompilerThread0" daemon [_thread_blocked, id=11152, stack(0x0000009cdd100000,0x0000009cdd200000)]
  0x000002937909d980 JavaThread "Sweeper thread" daemon [_thread_blocked, id=1372, stack(0x0000009cdd200000,0x0000009cdd300000)]
  0x000002937905cc00 JavaThread "Common-Cleaner" daemon [_thread_blocked, id=5208, stack(0x0000009cdd300000,0x0000009cdd400000)]
=>0x00000293796c6b40 JavaThread "C2 CompilerThread1" daemon [_thread_in_native, id=4632, stack(0x0000009cdd400000,0x0000009cdd500000)]
  0x000002937975d250 JavaThread "Notification Thread" daemon [_thread_blocked, id=10624, stack(0x0000009cdd500000,0x0000009cdd600000)]

Other Threads:
  0x000002937906d500 VMThread "VM Thread" [stack: 0x0000009cdca00000,0x0000009cdcb00000] [id=6840]
  0x0000029379732b30 WatcherThread [stack: 0x0000009cdd600000,0x0000009cdd700000] [id=8428]
  0x0000029359ee0890 GCTaskThread "GC Thread#0" [stack: 0x0000009cdc500000,0x0000009cdc600000] [id=11820]
  0x00000293797351a0 GCTaskThread "GC Thread#1" [stack: 0x0000009cdd700000,0x0000009cdd800000] [id=3472]
  0x0000029359ef2600 ConcurrentGCThread "G1 Main Marker" [stack: 0x0000009cdc600000,0x0000009cdc700000] [id=3688]
  0x0000029359ef3180 ConcurrentGCThread "G1 Conc#0" [stack: 0x0000009cdc700000,0x0000009cdc800000] [id=2788]
  0x0000029359f227b0 ConcurrentGCThread "G1 Refine#0" [stack: 0x0000009cdc800000,0x0000009cdc900000] [id=19420]
  0x0000029359f242d0 ConcurrentGCThread "G1 Young RemSet Sampling" [stack: 0x0000009cdc900000,0x0000009cdca00000] [id=13172]

Threads with active compile tasks:
C2 CompilerThread1      146  439       4       java.lang.StringUTF16::compress (50 bytes)

VM state: not at safepoint (normal execution)

VM Mutex/Monitor currently owned by a thread: None

Heap address: 0x0000000082400000, size: 2012 MB, Compressed Oops mode: 32-bit
CDS archive(s) mapped at: [0x0000000800000000-0x0000000800b50000-0x0000000800b50000), size 11862016, SharedBaseAddress: 0x0000000800000000, ArchiveRelocationMode: 0.
Compressed class space mapped at: 0x0000000800b50000-0x0000000840b50000, size: 1073741824
Narrow klass base: 0x0000000800000000, Narrow klass shift: 3, Narrow klass range: 0x100000000

GC Precious Log:
 CPUs: 8 total, 8 available
 Memory: 8044M
 Large Page Support: Disabled
 NUMA Support: Disabled
 Compressed Oops: Enabled (32-bit)
 Heap Region Size: 1M
 Heap Min Capacity: 8M
 Heap Initial Capacity: 8M
 Heap Max Capacity: 2012M
 Pre-touch: Disabled
 Parallel Workers: 8
 Concurrent Workers: 2
 Concurrent Refinement Workers: 8
 Periodic GC: Disabled

Heap:
 garbage-first heap   total 8192K, used 1133K [0x0000000082400000, 0x0000000100000000)
  region size 1024K, 2 young (2048K), 1 survivors (1024K)
 Metaspace       used 3506K, capacity 3911K, committed 4224K, reserved 1060864K
  class space    used 448K, capacity 769K, committed 896K, reserved 1048576K

Heap Regions: E=young(eden), S=young(survivor), O=old, HS=humongous(starts), HC=humongous(continues), CS=collection set, F=free, OA=open archive, CA=closed archive, TAMS=top-at-mark-start (previous, next)
|   0|0x0000000082400000, 0x000000008241b400, 0x0000000082500000| 10%| O|  |TAMS 0x0000000082400000, 0x0000000082400000| Untracked 
|   1|0x0000000082500000, 0x0000000082500000, 0x0000000082600000|  0%| F|  |TAMS 0x0000000082500000, 0x0000000082500000| Untracked 
|   2|0x0000000082600000, 0x0000000082600000, 0x0000000082700000|  0%| F|  |TAMS 0x0000000082600000, 0x0000000082600000| Untracked 
|   3|0x0000000082700000, 0x0000000082700000, 0x0000000082800000|  0%| F|  |TAMS 0x0000000082700000, 0x0000000082700000| Untracked 
|   4|0x0000000082800000, 0x0000000082900000, 0x0000000082900000|100%| S|CS|TAMS 0x0000000082800000, 0x0000000082800000| Complete 
|   5|0x0000000082900000, 0x0000000082900000, 0x0000000082a00000|  0%| F|  |TAMS 0x0000000082900000, 0x0000000082900000| Untracked 
|   6|0x0000000082a00000, 0x0000000082a00000, 0x0000000082b00000|  0%| F|  |TAMS 0x0000000082a00000, 0x0000000082a00000| Untracked 
|   7|0x0000000082b00000, 0x0000000082bb81b0, 0x0000000082c00000| 71%| E|  |TAMS 0x0000000082b00000, 0x0000000082b00000| Complete 

Card table byte_map: [0x0000029371800000,0x0000029371bf0000] _byte_map_base: 0x00000293713ee000

Marking Bits (Prev, Next): (CMBitMap*) 0x0000029359ee2020, (CMBitMap*) 0x0000029359ee2060
 Prev Bits: [0x0000029371fe0000, 0x0000029373f50000)
 Next Bits: [0x0000029373f50000, 0x0000029375ec0000)

Polling page: 0x0000029357e10000

Metaspace:

Usage:
  Non-class:      3.07 MB capacity,     2.99 MB ( 97%) used,    78.39 KB (  2%) free+waste,     5.69 KB ( <1%) overhead. 
      Class:    769.00 KB capacity,   448.28 KB ( 58%) used,   318.41 KB ( 41%) free+waste,     2.31 KB ( <1%) overhead. 
       Both:      3.82 MB capacity,     3.42 MB ( 90%) used,   396.80 KB ( 10%) free+waste,     8.00 KB ( <1%) overhead. 

Virtual space:
  Non-class space:       12.00 MB reserved,       3.25 MB ( 27%) committed 
      Class space:        1.00 GB reserved,     896.00 KB ( <1%) committed 
             Both:        1.01 GB reserved,       4.12 MB ( <1%) committed 

Chunk freelists:
   Non-Class:  58.00 KB
       Class:  31.00 KB
        Both:  89.00 KB

MaxMetaspaceSize: 17179869184.00 GB
CompressedClassSpaceSize: 1.00 GB

CodeHeap 'non-profiled nmethods': size=120000Kb used=154Kb max_used=154Kb free=119846Kb
 bounds [0x0000029369bb0000, 0x0000029369e20000, 0x00000293710e0000]
CodeHeap 'profiled nmethods': size=120000Kb used=661Kb max_used=661Kb free=119338Kb
 bounds [0x0000029362680000, 0x00000293628f0000, 0x0000029369bb0000]
CodeHeap 'non-nmethods': size=5760Kb used=1119Kb max_used=1135Kb free=4640Kb
 bounds [0x00000293620e0000, 0x0000029362350000, 0x0000029362680000]
 total_blobs=838 nmethods=474 adapters=277
 compilation: enabled
              stopped_count=0, restarted_count=0
 full_count=0

Compilation events (20 events):
Event: 0.117 Thread 0x0000029379094f70  428       3       java.lang.StringConcatHelper::newArray (26 bytes)
Event: 0.118 Thread 0x0000029379094f70 nmethod 428 0x0000029362709090 code [0x0000029362709240, 0x0000029362709488]
Event: 0.118 Thread 0x0000029379094f70  423       3       java.lang.invoke.MemberName::isStatic (8 bytes)
Event: 0.118 Thread 0x0000029379094f70 nmethod 423 0x0000029362709590 code [0x0000029362709720, 0x00000293627098d8]
Event: 0.118 Thread 0x0000029379094f70  426       3       java.lang.invoke.MemberName::getInvocationType (56 bytes)
Event: 0.118 Thread 0x0000029379094f70 nmethod 426 0x0000029362709990 code [0x0000029362709bc0, 0x000002936270a4a8]
Event: 0.118 Thread 0x0000029379094f70  427       1       java.lang.invoke.LambdaForm$BasicType::basicTypeClass (5 bytes)
Event: 0.118 Thread 0x0000029379094f70 nmethod 427 0x0000029369bd2090 code [0x0000029369bd2220, 0x0000029369bd22d8]
Event: 0.118 Thread 0x0000029379094f70  429       3       java.lang.invoke.MethodHandles$Lookup::lookupClassOrNull (27 bytes)
Event: 0.118 Thread 0x0000029379094f70 nmethod 429 0x000002936270a710 code [0x000002936270a8a0, 0x000002936270aa58]
Event: 0.118 Thread 0x0000029379094f70  430       3       jdk.internal.org.objectweb.asm.ByteVector::putInt (74 bytes)
Event: 0.119 Thread 0x0000029379094f70 nmethod 430 0x000002936270ab10 code [0x000002936270acc0, 0x000002936270af08]
Event: 0.119 Thread 0x0000029379094f70  432       3       java.lang.invoke.LambdaForm::parameterType (9 bytes)
Event: 0.119 Thread 0x0000029379094f70 nmethod 432 0x000002936270b090 code [0x000002936270b240, 0x000002936270b388]
Event: 0.119 Thread 0x0000029379094f70  433       3       java.lang.reflect.Modifier::isProtected (12 bytes)
Event: 0.119 Thread 0x0000029379094f70 nmethod 433 0x000002936270b490 code [0x000002936270b620, 0x000002936270b758]
Event: 0.120 Thread 0x0000029379094f70  435       3       java.nio.ByteOrder::nativeOrder (4 bytes)
Event: 0.120 Thread 0x0000029379094f70 nmethod 435 0x000002936270b810 code [0x000002936270b9a0, 0x000002936270ba98]
Event: 0.120 Thread 0x0000029379094f70  436   !   3       java.util.concurrent.ConcurrentHashMap::computeIfAbsent (576 bytes)
Event: 0.121 Thread 0x00000293796c6b40  439       4       java.lang.StringUTF16::compress (50 bytes)

GC Heap History (0 events):
No events

Deoptimization events (20 events):
Event: 0.064 Thread 0x0000029359ea1f10 Uncommon trap: trap_request=0xffffffde fr.pc=0x0000029369bbe678 relative=0x0000000000000818
Event: 0.064 Thread 0x0000029359ea1f10 Uncommon trap: reason=class_check action=maybe_recompile pc=0x0000029369bbe678 method=java.util.HashMap.putVal(ILjava/lang/Object;Ljava/lang/Object;ZZ)Ljava/lang/Object; @ 152 c2
Event: 0.064 Thread 0x0000029359ea1f10 DEOPT PACKING pc=0x0000029369bbe678 sp=0x0000009cdc4fd960
Event: 0.064 Thread 0x0000029359ea1f10 DEOPT UNPACKING pc=0x000002936212e42f sp=0x0000009cdc4fd8e0 mode 2
Event: 0.064 Thread 0x0000029359ea1f10 Uncommon trap: trap_request=0xffffffde fr.pc=0x0000029369bbe678 relative=0x0000000000000818
Event: 0.064 Thread 0x0000029359ea1f10 Uncommon trap: reason=class_check action=maybe_recompile pc=0x0000029369bbe678 method=java.util.HashMap.putVal(ILjava/lang/Object;Ljava/lang/Object;ZZ)Ljava/lang/Object; @ 152 c2
Event: 0.064 Thread 0x0000029359ea1f10 DEOPT PACKING pc=0x0000029369bbe678 sp=0x0000009cdc4fd960
Event: 0.064 Thread 0x0000029359ea1f10 DEOPT UNPACKING pc=0x000002936212e42f sp=0x0000009cdc4fd8e0 mode 2
Event: 0.064 Thread 0x0000029359ea1f10 Uncommon trap: trap_request=0xffffffde fr.pc=0x0000029369bbe678 relative=0x0000000000000818
Event: 0.064 Thread 0x0000029359ea1f10 Uncommon trap: reason=class_check action=maybe_recompile pc=0x0000029369bbe678 method=java.util.HashMap.putVal(ILjava/lang/Object;Ljava/lang/Object;ZZ)Ljava/lang/Object; @ 152 c2
Event: 0.064 Thread 0x0000029359ea1f10 DEOPT PACKING pc=0x0000029369bbe678 sp=0x0000009cdc4fd960
Event: 0.064 Thread 0x0000029359ea1f10 DEOPT UNPACKING pc=0x000002936212e42f sp=0x0000009cdc4fd8e0 mode 2
Event: 0.091 Thread 0x0000029359ea1f10 Uncommon trap: trap_request=0xffffffde fr.pc=0x0000029369bc3580 relative=0x00000000000004a0
Event: 0.091 Thread 0x0000029359ea1f10 Uncommon trap: reason=class_check action=maybe_recompile pc=0x0000029369bc3580 method=java.util.HashMap.putVal(ILjava/lang/Object;Ljava/lang/Object;ZZ)Ljava/lang/Object; @ 253 c2
Event: 0.091 Thread 0x0000029359ea1f10 DEOPT PACKING pc=0x0000029369bc3580 sp=0x0000009cdc4fee00
Event: 0.091 Thread 0x0000029359ea1f10 DEOPT UNPACKING pc=0x000002936212e42f sp=0x0000009cdc4feda0 mode 2
Event: 0.091 Thread 0x0000029359ea1f10 Uncommon trap: trap_request=0xffffff45 fr.pc=0x0000029369bc39a8 relative=0x00000000000008c8
Event: 0.091 Thread 0x0000029359ea1f10 Uncommon trap: reason=unstable_if action=reinterpret pc=0x0000029369bc39a8 method=java.util.HashMap.putVal(ILjava/lang/Object;Ljava/lang/Object;ZZ)Ljava/lang/Object; @ 181 c2
Event: 0.091 Thread 0x0000029359ea1f10 DEOPT PACKING pc=0x0000029369bc39a8 sp=0x0000009cdc4fee00
Event: 0.091 Thread 0x0000029359ea1f10 DEOPT UNPACKING pc=0x000002936212e42f sp=0x0000009cdc4feda0 mode 2

Classes unloaded (0 events):
No events

Classes redefined (0 events):
No events

Internal exceptions (10 events):
Event: 0.067 Thread 0x0000029359ea1f10 Exception <a 'java/lang/NoSuchMethodError'{0x0000000082aa9ef0}: 'java.lang.Object java.lang.invoke.DirectMethodHandle$Holder.invokeStatic(java.lang.Object)'> (0x0000000082aa9ef0) 
thrown [./open/src/hotspot/share/interpreter/linkResolver.cpp, line 782]
Event: 0.086 Thread 0x0000029359ea1f10 Exception <a 'java/lang/NoSuchMethodError'{0x000000008291a8b0}: 'void java.lang.invoke.DirectMethodHandle$Holder.invokeSpecial(java.lang.Object, java.lang.Object, java.lang.Object)'> (0x000000008291a8b0) 
thrown [./open/src/hotspot/share/interpreter/linkResolver.cpp, line 782]
Event: 0.105 Thread 0x0000029359ea1f10 Exception <a 'java/lang/NoSuchMethodError'{0x00000000829721a8}: 'java.lang.Object java.lang.invoke.DirectMethodHandle$Holder.invokeVirtual(java.lang.Object, java.lang.Object, java.lang.Object)'> (0x00000000829721a8) 
thrown [./open/src/hotspot/share/interpreter/linkResolver.cpp, line 782]
Event: 0.107 Thread 0x0000029359ea1f10 Exception <a 'java/lang/NoSuchMethodError'{0x000000008297df70}: 'int java.lang.invoke.DirectMethodHandle$Holder.invokeInterface(java.lang.Object, java.lang.Object)'> (0x000000008297df70) 
thrown [./open/src/hotspot/share/interpreter/linkResolver.cpp, line 782]
Event: 0.108 Thread 0x0000029359ea1f10 Exception <a 'sun/nio/fs/WindowsException'{0x00000000829879b0}> (0x00000000829879b0) 
thrown [./open/src/hotspot/share/prims/jni.cpp, line 578]
Event: 0.109 Thread 0x0000029359ea1f10 Exception <a 'sun/nio/fs/WindowsException'{0x0000000082988218}> (0x0000000082988218) 
thrown [./open/src/hotspot/share/prims/jni.cpp, line 578]
Event: 0.109 Thread 0x0000029359ea1f10 Exception <a 'sun/nio/fs/WindowsException'{0x0000000082988ea0}> (0x0000000082988ea0) 
thrown [./open/src/hotspot/share/prims/jni.cpp, line 578]
Event: 0.109 Thread 0x0000029359ea1f10 Exception <a 'sun/nio/fs/WindowsException'{0x00000000829891d0}> (0x00000000829891d0) 
thrown [./open/src/hotspot/share/prims/jni.cpp, line 578]
Event: 0.109 Thread 0x0000029359ea1f10 Exception <a 'java/lang/NoSuchMethodError'{0x000000008298e418}: 'int java.lang.invoke.DirectMethodHandle$Holder.invokeVirtual(java.lang.Object, java.lang.Object, java.lang.Object)'> (0x000000008298e418) 
thrown [./open/src/hotspot/share/interpreter/linkResolver.cpp, line 782]
Event: 0.110 Thread 0x0000029359ea1f10 Exception <a 'java/lang/NoSuchMethodError'{0x0000000082994f68}: 'void java.lang.invoke.DirectMethodHandle$Holder.invokeInterface(java.lang.Object, java.lang.Object, java.lang.Object)'> (0x0000000082994f68) 
thrown [./open/src/hotspot/share/interpreter/linkResolver.cpp, line 782]

Events (20 events):
Event: 0.108 loading class sun/nio/fs/WindowsException
Event: 0.108 loading class sun/nio/fs/WindowsException done
Event: 0.108 loading class sun/nio/fs/WindowsDirectoryStream
Event: 0.108 loading class java/nio/file/DirectoryStream
Event: 0.108 loading class java/nio/file/DirectoryStream done
Event: 0.108 loading class sun/nio/fs/WindowsDirectoryStream done
Event: 0.112 loading class java/lang/invoke/BoundMethodHandle$Species_LL
Event: 0.112 loading class java/lang/invoke/BoundMethodHandle$Species_LL done
Event: 0.113 loading class java/lang/invoke/BoundMethodHandle$Species_LLL
Event: 0.113 loading class java/lang/invoke/BoundMethodHandle$Species_LLL done
Event: 0.114 loading class java/lang/invoke/BoundMethodHandle$Species_LJ
Event: 0.114 loading class java/lang/invoke/BoundMethodHandle$Species_LJ done
Event: 0.114 loading class java/lang/invoke/BoundMethodHandle$Species_LLLL
Event: 0.114 loading class java/lang/invoke/BoundMethodHandle$Species_LLLL done
Event: 0.116 loading class java/util/concurrent/Callable
Event: 0.116 loading class java/util/concurrent/Callable done
Event: 0.118 loading class java/io/StringWriter
Event: 0.118 loading class java/io/StringWriter done
Event: 0.119 loading class java/util/regex/Pattern$StartS
Event: 0.119 loading class java/util/regex/Pattern$StartS done


Dynamic libraries:
0x00007ff6b73c0000 - 0x00007ff6b73c8000 	C:\Program Files\Java\jdk-15.0.2\bin\javac.exe
0x00007ffaba3d0000 - 0x00007ffaba5c5000 	C:\WINDOWS\SYSTEM32\ntdll.dll
0x00007ffab8dd0000 - 0x00007ffab8e8d000 	C:\WINDOWS\System32\KERNEL32.DLL
0x00007ffab7d40000 - 0x00007ffab8008000 	C:\WINDOWS\System32\KERNELBASE.dll
0x00007ffab8220000 - 0x00007ffab8320000 	C:\WINDOWS\System32\ucrtbase.dll
0x00007ffab16a0000 - 0x00007ffab16b9000 	C:\Program Files\Java\jdk-15.0.2\bin\VCRUNTIME140.dll
0x00007ffaaa1b0000 - 0x00007ffaaa1c8000 	C:\Program Files\Java\jdk-15.0.2\bin\jli.dll
0x00007ffab8f50000 - 0x00007ffab8ffc000 	C:\WINDOWS\System32\ADVAPI32.dll
0x00007ffab8620000 - 0x00007ffab86be000 	C:\WINDOWS\System32\msvcrt.dll
0x00007ffaba2f0000 - 0x00007ffaba38b000 	C:\WINDOWS\System32\sechost.dll
0x00007ffab8430000 - 0x00007ffab855b000 	C:\WINDOWS\System32\RPCRT4.dll
0x00007ffab86c0000 - 0x00007ffab8860000 	C:\WINDOWS\System32\USER32.dll
0x00007ffab7d10000 - 0x00007ffab7d32000 	C:\WINDOWS\System32\win32u.dll
0x00007ffaa11c0000 - 0x00007ffaa145a000 	C:\WINDOWS\WinSxS\amd64_microsoft.windows.common-controls_6595b64144ccf1df_6.0.19041.844_none_ca00b6081b84eb1d\COMCTL32.dll
0x00007ffab8f20000 - 0x00007ffab8f4a000 	C:\WINDOWS\System32\GDI32.dll
0x00007ffab8320000 - 0x00007ffab842b000 	C:\WINDOWS\System32\gdi32full.dll
0x00007ffab7b90000 - 0x00007ffab7c2d000 	C:\WINDOWS\System32\msvcp_win.dll
0x00007ffab05c0000 - 0x00007ffab05ca000 	C:\WINDOWS\SYSTEM32\VERSION.dll
0x00007ffab8e90000 - 0x00007ffab8ec0000 	C:\WINDOWS\System32\IMM32.DLL
0x00007ffab30a0000 - 0x00007ffab30ac000 	C:\Program Files\Java\jdk-15.0.2\bin\vcruntime140_1.dll
0x00007ffaaed40000 - 0x00007ffaaedd1000 	C:\Program Files\Java\jdk-15.0.2\bin\msvcp140.dll
0x00007ffa694c0000 - 0x00007ffa6a01e000 	C:\Program Files\Java\jdk-15.0.2\bin\server\jvm.dll
0x00007ffab9f70000 - 0x00007ffab9f78000 	C:\WINDOWS\System32\PSAPI.DLL
0x00007ffaa0f70000 - 0x00007ffaa0f79000 	C:\WINDOWS\SYSTEM32\WSOCK32.dll
0x00007ffa97300000 - 0x00007ffa97327000 	C:\WINDOWS\SYSTEM32\WINMM.dll
0x00007ffab8cd0000 - 0x00007ffab8d3b000 	C:\WINDOWS\System32\WS2_32.dll
0x00007ffab6410000 - 0x00007ffab6422000 	C:\WINDOWS\SYSTEM32\kernel.appcore.dll
0x00007ffaaef30000 - 0x00007ffaaef3a000 	C:\Program Files\Java\jdk-15.0.2\bin\jimage.dll
0x00007ffab5970000 - 0x00007ffab5b54000 	C:\WINDOWS\SYSTEM32\DBGHELP.DLL
0x00007ffa96490000 - 0x00007ffa964bc000 	C:\WINDOWS\SYSTEM32\dbgcore.DLL
0x00007ffab7c90000 - 0x00007ffab7d10000 	C:\WINDOWS\System32\bcryptPrimitives.dll
0x00007ffaaef40000 - 0x00007ffaaef65000 	C:\Program Files\Java\jdk-15.0.2\bin\java.dll
0x00007ffab9740000 - 0x00007ffab9e82000 	C:\WINDOWS\System32\SHELL32.dll
0x00007ffab5b60000 - 0x00007ffab62f0000 	C:\WINDOWS\SYSTEM32\windows.storage.dll
0x00007ffab9f90000 - 0x00007ffaba2e5000 	C:\WINDOWS\System32\combase.dll
0x00007ffab7580000 - 0x00007ffab75ac000 	C:\WINDOWS\SYSTEM32\Wldp.dll
0x00007ffab9320000 - 0x00007ffab93ce000 	C:\WINDOWS\System32\SHCORE.dll
0x00007ffab8ec0000 - 0x00007ffab8f15000 	C:\WINDOWS\System32\shlwapi.dll
0x00007ffab7a50000 - 0x00007ffab7a6f000 	C:\WINDOWS\SYSTEM32\profapi.dll
0x00007ffaaee20000 - 0x00007ffaaee39000 	C:\Program Files\Java\jdk-15.0.2\bin\net.dll
0x00007ffaa6910000 - 0x00007ffaa6a1b000 	C:\WINDOWS\SYSTEM32\WINHTTP.dll
0x00007ffab72f0000 - 0x00007ffab735a000 	C:\WINDOWS\system32\mswsock.dll
0x00007ffaaee00000 - 0x00007ffaaee12000 	C:\Program Files\Java\jdk-15.0.2\bin\nio.dll

dbghelp: loaded successfully - version: 4.0.5 - missing functions: none
symbol engine: initialized successfully - sym options: 0x614 - pdb path: .;C:\Program Files\Java\jdk-15.0.2\bin;C:\WINDOWS\SYSTEM32;C:\WINDOWS\WinSxS\amd64_microsoft.windows.common-controls_6595b64144ccf1df_6.0.19041.844_none_ca00b6081b84eb1d;C:\Program Files\Java\jdk-15.0.2\bin\server

VM Arguments:
jvm_args: -Dapplication.home=C:\Program Files\Java\jdk-15.0.2 --add-modules=ALL-DEFAULT -Xms8m -Djdk.module.main=jdk.compiler 
java_command: jdk.compiler/com.sun.tools.javac.Main -d C:\Users\84866\Documents\NetBeansProjects\BaiTapLonJavaNhom4\build\classes -classpath C:\Users\84866\Documents\NetBeansProjects\BaiTapLonJavaNhom4\build\classes -sourcepath C:\Users\84866\Documents\NetBeansProjects\BaiTapLonJavaNhom4\src -target 15 -encoding UTF-8 -g -processorpath C:\Users\84866\Documents\NetBeansProjects\BaiTapLonJavaNhom4\build\empty -s C:\Users\84866\Documents\NetBeansProjects\BaiTapLonJavaNhom4\build\generated-sources\ap-source-output -source 15 C:\Users\84866\Documents\NetBeansProjects\BaiTapLonJavaNhom4\src\Circle.java
java_class_path (initial): <not set>
Launcher Type: SUN_STANDARD

[Global flags]
     intx CICompilerCount                          = 4                                         {product} {ergonomic}
     uint ConcGCThreads                            = 2                                         {product} {ergonomic}
     uint G1ConcRefinementThreads                  = 8                                         {product} {ergonomic}
   size_t G1HeapRegionSize                         = 1048576                                   {product} {ergonomic}
    uintx GCDrainStackTargetSize                   = 64                                        {product} {ergonomic}
   size_t InitialHeapSize                          = 8388608                                   {product} {command line}
   size_t MarkStackSize                            = 4194304                                   {product} {ergonomic}
   size_t MaxHeapSize                              = 2109734912                                {product} {ergonomic}
   size_t MaxNewSize                               = 1265631232                                {product} {ergonomic}
   size_t MinHeapDeltaBytes                        = 1048576                                   {product} {ergonomic}
   size_t MinHeapSize                              = 8388608                                   {product} {command line}
    uintx NonNMethodCodeHeapSize                   = 5839372                                {pd product} {ergonomic}
    uintx NonProfiledCodeHeapSize                  = 122909434                              {pd product} {ergonomic}
    uintx ProfiledCodeHeapSize                     = 122909434                              {pd product} {ergonomic}
    uintx ReservedCodeCacheSize                    = 251658240                              {pd product} {ergonomic}
     bool SegmentedCodeCache                       = true                                      {product} {ergonomic}
   size_t SoftMaxHeapSize                          = 2109734912                             {manageable} {ergonomic}
     bool UseCompressedClassPointers               = true                                 {lp64_product} {ergonomic}
     bool UseCompressedOops                        = true                                 {lp64_product} {ergonomic}
     bool UseG1GC                                  = true                                      {product} {ergonomic}
     bool UseLargePagesIndividualAllocation        = false                                  {pd product} {ergonomic}

Logging:
Log output configuration:
 #0: stdout all=warning uptime,level,tags
 #1: stderr all=off uptime,level,tags

Environment Variables:
PATH=C:\Program Files\Common Files\Oracle\Java\javapath;C:\Windows\system32;C:\Windows;C:\Windows\System32\Wbem;C:\Windows\System32\WindowsPowerShell\v1.0\;C:\Windows\System32\OpenSSH\;C:\Program Files (x86)\NVIDIA Corporation\PhysX\Common;C:\Program Files\NVIDIA Corporation\NVIDIA NvDLISR;C:\Program Files\Intel\WiFi\bin\;C:\Program Files\Common Files\Intel\WirelessCommon\;C:\WINDOWS\system32;C:\WINDOWS;C:\WINDOWS\System32\Wbem;C:\WINDOWS\System32\WindowsPowerShell\v1.0\;C:\WINDOWS\System32\OpenSSH\;C:\Program Files\Microsoft SQL Server\130\Tools\Binn\;C:\Program Files\Microsoft SQL Server\Client SDK\ODBC\170\Tools\Binn\;C:\Program Files (x86)\Microsoft SQL Server\150\Tools\Binn\;C:\Program Files\Microsoft SQL Server\150\Tools\Binn\;C:\Program Files\Microsoft SQL Server\150\DTS\Binn\;C:\Program Files (x86)\Microsoft SQL Server\150\DTS\Binn\;C:\Program Files\Azure Data Studio\bin;C:\Program Files\dotnet\;C:\Program Files\Git\cmd;C:\Program Files (x86)\dotnet\;C:\Users\84866\AppData\Local\Microsoft\WindowsApps;;C:\Program Files\Azure Data Studio\bin;C:\Users\84866\.dotnet\tools
USERNAME=84866
OS=Windows_NT
PROCESSOR_IDENTIFIER=Intel64 Family 6 Model 158 Stepping 10, GenuineIntel



---------------  S Y S T E M  ---------------

OS:
 Windows 10 , 64 bit Build 19041 (10.0.19041.928)
OS uptime: 6 days 21:56 hours

CPU: total 8 (initial active 8) (4 cores per cpu, 2 threads per core) family 6 model 158 stepping 10 microcode 0xde, cmov, cx8, fxsr, mmx, sse, sse2, sse3, ssse3, sse4.1, sse4.2, popcnt, vzeroupper, avx, avx2, aes, clmul, erms, 3dnowpref, lzcnt, ht, tsc, tscinvbit, bmi1, bmi2, adx, fma, clflush, clflushopt

Memory: 4k page, system-wide physical 8044M (1283M free)
TotalPageFile size 16044M (AvailPageFile size 2M)
current process WorkingSet (physical memory assigned to process): 44M, peak: 44M
current process commit charge ("private bytes"): 91M, peak: 91M

vm_info: Java HotSpot(TM) 64-Bit Server VM (15.0.2+7-27) for windows-amd64 JRE (15.0.2+7-27), built on Dec  7 2020 20:07:01 by "mach5one" with unknown MS VC++:1925

END.
