#
# A fatal error has been detected by the Java Runtime Environment:
#
#  EXCEPTION_STACK_OVERFLOW (0xc00000fd) at pc=0x00007ffa698113f3, pid=14240, tid=10272
#
# JRE version:  (15.0.2+7) (build )
# Java VM: Java HotSpot(TM) 64-Bit Server VM (15.0.2+7-27, mixed mode, sharing, tiered, compressed oops, g1 gc, windows-amd64)
# Problematic frame:
# V  [jvm.dll+0x3513f3]
#
# No core dump will be written. Minidumps are not enabled by default on client versions of Windows
#
#

---------------  S U M M A R Y ------------

Command Line: -Dapplication.home=C:\Program Files\Java\jdk-15.0.2 --add-modules=ALL-DEFAULT -Xms8m -Djdk.module.main=jdk.compiler jdk.compiler/com.sun.tools.javac.Main -d C:\Users\84866\Documents\NetBeansProjects\BaiTapLonJavaNhom4\build\classes -classpath C:\Users\84866\Documents\NetBeansProjects\BaiTapLonJavaNhom4\build\classes -sourcepath C:\Users\84866\Documents\NetBeansProjects\BaiTapLonJavaNhom4\src -target 15 -encoding UTF-8 -g -processorpath C:\Users\84866\Documents\NetBeansProjects\BaiTapLonJavaNhom4\build\empty -s C:\Users\84866\Documents\NetBeansProjects\BaiTapLonJavaNhom4\build\generated-sources\ap-source-output -source 15 C:\Users\84866\Documents\NetBeansProjects\BaiTapLonJavaNhom4\src\Circle.java

Host: Intel(R) Core(TM) i5-9300H CPU @ 2.40GHz, 8 cores, 7G,  Windows 10 , 64 bit Build 19041 (10.0.19041.928)
Time: Fri May 21 10:26:56 2021 SE Asia Standard Time elapsed time: 0.018850 seconds (0d 0h 0m 0s)

---------------  T H R E A D  ---------------

Current thread (0x000001a379c23070):  JavaThread "Finalizer" daemon [_thread_in_vm, id=10272, stack(0x0000000ac1a00000,0x0000000ac1b00000)]

Stack: [0x0000000ac1a00000,0x0000000ac1b00000],  sp=0x0000000ac1aff460,  free space=1021k
Native frames: (J=compiled Java code, j=interpreted, Vv=VM code, C=native code)
V  [jvm.dll+0x3513f3]
V  [jvm.dll+0x62adc2]
V  [jvm.dll+0x351ed1]
V  [jvm.dll+0x352167]
V  [jvm.dll+0x3da791]
V  [jvm.dll+0x74495d]
V  [jvm.dll+0x73d75a]
